Release 14.7 - xst P.20131013 (nt64)
Copyright (c) 1995-2013 Xilinx, Inc.  All rights reserved.
--> Parameter TMPDIR set to xst/projnav.tmp


Total REAL time to Xst completion: 0.00 secs
Total CPU time to Xst completion: 0.24 secs
 
--> Parameter xsthdpdir set to xst


Total REAL time to Xst completion: 0.00 secs
Total CPU time to Xst completion: 0.24 secs
 
--> Reading design: alu.prj

TABLE OF CONTENTS
  1) Synthesis Options Summary
  2) HDL Compilation
  3) Design Hierarchy Analysis
  4) HDL Analysis
  5) HDL Synthesis
     5.1) HDL Synthesis Report
  6) Advanced HDL Synthesis
     6.1) Advanced HDL Synthesis Report
  7) Low Level Synthesis
  8) Partition Report
  9) Final Report
	9.1) Device utilization summary
	9.2) Partition Resource Summary
	9.3) TIMING REPORT


=========================================================================
*                      Synthesis Options Summary                        *
=========================================================================
---- Source Parameters
Input File Name                    : "alu.prj"
Input Format                       : mixed
Ignore Synthesis Constraint File   : NO

---- Target Parameters
Output File Name                   : "alu"
Output Format                      : NGC
Target Device                      : xa3s50-4-vqg100

---- Source Options
Top Module Name                    : alu
Automatic FSM Extraction           : YES
FSM Encoding Algorithm             : Auto
Safe Implementation                : No
FSM Style                          : LUT
RAM Extraction                     : Yes
RAM Style                          : Auto
ROM Extraction                     : Yes
Mux Style                          : Auto
Decoder Extraction                 : YES
Priority Encoder Extraction        : Yes
Shift Register Extraction          : YES
Logical Shifter Extraction         : YES
XOR Collapsing                     : YES
ROM Style                          : Auto
Mux Extraction                     : Yes
Resource Sharing                   : YES
Asynchronous To Synchronous        : NO
Multiplier Style                   : Auto
Automatic Register Balancing       : No

---- Target Options
Add IO Buffers                     : YES
Global Maximum Fanout              : 100000
Add Generic Clock Buffer(BUFG)     : 8
Register Duplication               : YES
Slice Packing                      : YES
Optimize Instantiated Primitives   : NO
Use Clock Enable                   : Yes
Use Synchronous Set                : Yes
Use Synchronous Reset              : Yes
Pack IO Registers into IOBs        : Auto
Equivalent register Removal        : YES

---- General Options
Optimization Goal                  : Speed
Optimization Effort                : 1
Keep Hierarchy                     : No
Netlist Hierarchy                  : As_Optimized
RTL Output                         : Yes
Global Optimization                : AllClockNets
Read Cores                         : YES
Write Timing Constraints           : NO
Cross Clock Analysis               : NO
Hierarchy Separator                : /
Bus Delimiter                      : <>
Case Specifier                     : Maintain
Slice Utilization Ratio            : 100
BRAM Utilization Ratio             : 100
Verilog 2001                       : YES
Auto BRAM Packing                  : NO
Slice Utilization Ratio Delta      : 5

=========================================================================


=========================================================================
*                          HDL Compilation                              *
=========================================================================
Compiling verilog file "alu.v" in library work
Module <alu> compiled
No errors in compilation
Analysis of file <"alu.prj"> succeeded.
 

=========================================================================
*                     Design Hierarchy Analysis                         *
=========================================================================
Analyzing hierarchy for module <alu> in library <work>.


=========================================================================
*                            HDL Analysis                               *
=========================================================================
Analyzing top module <alu>.
Module <alu> is correct for synthesis.
 

=========================================================================
*                           HDL Synthesis                               *
=========================================================================

Performing bidirectional port resolution...

Synthesizing Unit <alu>.
    Related source file is "alu.v".
    Found 32-bit addsub for signal <C$addsub0000>.
    Found 32-bit shifter logical right for signal <C$shift0002> created at line 28.
    Found 32-bit shifter arithmetic right for signal <C$shift0003> created at line 28.
    Summary:
	inferred   1 Adder/Subtractor(s).
	inferred   2 Combinational logic shifter(s).
Unit <alu> synthesized.

INFO:Xst:1767 - HDL ADVISOR - Resource sharing has identified that some arithmetic operations in this design can share the same physical resources for reduced device utilization. For improved clock frequency you may try to disable resource sharing.

=========================================================================
HDL Synthesis Report

Macro Statistics
# Adders/Subtractors                                   : 1
 32-bit addsub                                         : 1
# Logic shifters                                       : 2
 32-bit shifter arithmetic right                       : 1
 32-bit shifter logical right                          : 1

=========================================================================

=========================================================================
*                       Advanced HDL Synthesis                          *
=========================================================================


=========================================================================
Advanced HDL Synthesis Report

Macro Statistics
# Adders/Subtractors                                   : 1
 32-bit addsub                                         : 1
# Logic shifters                                       : 2
 32-bit shifter arithmetic right                       : 1
 32-bit shifter logical right                          : 1

=========================================================================

=========================================================================
*                         Low Level Synthesis                           *
=========================================================================
WARNING:Xst:2170 - Unit alu : the following signal(s) form a combinatorial loop: C_shift0001<31>.

Optimizing unit <alu> ...

Mapping all equations...
Building and optimizing final netlist ...
Found area constraint ratio of 100 (+ 5) on block alu, actual ratio is 29.

Final Macro Processing ...

=========================================================================
Final Register Report

Found no macro
=========================================================================

=========================================================================
*                           Partition Report                            *
=========================================================================

Partition Implementation Status
-------------------------------

  No Partitions were found in this design.

-------------------------------

=========================================================================
*                            Final Report                               *
=========================================================================
Final Results
RTL Top Level Output File Name     : alu.ngr
Top Level Output File Name         : alu
Output Format                      : NGC
Optimization Goal                  : Speed
Keep Hierarchy                     : No

Design Statistics
# IOs                              : 99

Cell Usage :
# BELS                             : 476
#      GND                         : 1
#      LUT2                        : 10
#      LUT3                        : 156
#      LUT4                        : 200
#      MUXCY                       : 38
#      MUXF5                       : 38
#      VCC                         : 1
#      XORCY                       : 32
# IO Buffers                       : 99
#      IBUF                        : 67
#      OBUF                        : 32
=========================================================================

Device utilization summary:
---------------------------

Selected Device : xa3s50vqg100-4 

 Number of Slices:                      202  out of    768    26%  
 Number of 4 input LUTs:                366  out of   1536    23%  
 Number of IOs:                          99
 Number of bonded IOBs:                  99  out of     63   157% (*) 

WARNING:Xst:1336 -  (*) More than 100% of Device resources are used

---------------------------
Partition Resource Summary:
---------------------------

  No Partitions were found in this design.

---------------------------


=========================================================================
TIMING REPORT

NOTE: THESE TIMING NUMBERS ARE ONLY A SYNTHESIS ESTIMATE.
      FOR ACCURATE TIMING INFORMATION PLEASE REFER TO THE TRACE REPORT
      GENERATED AFTER PLACE-and-ROUTE.

Clock Information:
------------------
No clock signals found in this design

Asynchronous Control Signals Information:
----------------------------------------
No asynchronous control signals found in this design

Timing Summary:
---------------
Speed Grade: -4

   Minimum period: No path found
   Minimum input arrival time before clock: No path found
   Maximum output required time after clock: No path found
   Maximum combinational path delay: 19.699ns

Timing Detail:
--------------
All values displayed in nanoseconds (ns)

=========================================================================
Timing constraint: Default path analysis
  Total number of paths / destination ports: 11249 / 32
-------------------------------------------------------------------------
Delay:               19.699ns (Levels of Logic = 15)
  Source:            B<22> (PAD)
  Destination:       C<25> (PAD)

  Data Path: B<22> to C<25>
                                Gate     Net
    Cell:in->out      fanout   Delay   Delay  Logical Name (Net Name)
    ----------------------------------------  ------------
     IBUF:I->O             3   0.821   1.246  B_22_IBUF (B_22_IBUF)
     LUT3:I0->O            1   0.551   0.000  C_or0000_wg_lut<0> (C_or0000_wg_lut<0>)
     MUXCY:S->O            1   0.500   0.000  C_or0000_wg_cy<0> (C_or0000_wg_cy<0>)
     MUXCY:CI->O           1   0.064   0.000  C_or0000_wg_cy<1> (C_or0000_wg_cy<1>)
     MUXCY:CI->O           1   0.064   0.000  C_or0000_wg_cy<2> (C_or0000_wg_cy<2>)
     MUXCY:CI->O           1   0.064   0.000  C_or0000_wg_cy<3> (C_or0000_wg_cy<3>)
     MUXCY:CI->O           1   0.064   0.000  C_or0000_wg_cy<4> (C_or0000_wg_cy<4>)
     MUXCY:CI->O           1   0.064   0.000  C_or0000_wg_cy<5> (C_or0000_wg_cy<5>)
     MUXCY:CI->O           7   0.303   1.405  C_or0000_wg_cy<6> (C_or0000)
     LUT3:I0->O            4   0.551   1.112  C_shift0001<31>1 (C_shift0001<31>)
     LUT2:I1->O            2   0.551   0.903  C<0>1_SW0 (N61)
     LUT4:I3->O           33   0.551   2.198  C<0>1 (N7)
     LUT4:I0->O            1   0.551   1.140  C<25>26 (C<25>26)
     LUT4:I0->O            1   0.551   0.801  C<25>59 (C_25_OBUF)
     OBUF:I->O                 5.644          C_25_OBUF (C<25>)
    ----------------------------------------
    Total                     19.699ns (10.894ns logic, 8.805ns route)
                                       (55.3% logic, 44.7% route)

=========================================================================


Total REAL time to Xst completion: 8.00 secs
Total CPU time to Xst completion: 8.72 secs
 
--> 

Total memory usage is 4522972 kilobytes

Number of errors   :    0 (   0 filtered)
Number of warnings :    2 (   0 filtered)
Number of infos    :    1 (   0 filtered)

